<?xml version="1.0" encoding="UTF-8"?>
<!-- Generated by org.testng.reporters.JUnitReportReporter -->
<testsuite skipped="0" hostname="DESKTOP-GQ55FT2" name="TestNGPack.C2" tests="1" failures="0" timestamp="2020-05-26T22:05:49 IST" time="0.005" errors="0">
  <testcase name="TC03" time="0.005" classname="TestNGPack.C2"/>
  <system-out/>
</testsuite> <!-- TestNGPack.C2 -->
