<?xml version="1.0" encoding="UTF-8"?>
<!-- Generated by org.testng.reporters.JUnitReportReporter -->
<testsuite skipped="0" hostname="DESKTOP-GQ55FT2" name="modularCoding.TestCases" tests="2" failures="0" timestamp="2020-05-07T19:43:26 IST" time="42.829" errors="0">
  <testcase name="TC01_ApplyLeave_VerifyInMyLeavePage" time="25.770" classname="modularCoding.TestCases"/>
  <system-out/>
  <testcase name="TC02_ApproveLeave" time="17.059" classname="modularCoding.TestCases"/>
  <system-out/>
</testsuite> <!-- modularCoding.TestCases -->
