<?xml version="1.0" encoding="UTF-8"?>
<!-- Generated by org.testng.reporters.JUnitReportReporter -->
<testsuite skipped="1" hostname="DESKTOP-GQ55FT2" name="TestNGPack.C3" tests="3" failures="0" timestamp="2020-05-26T22:05:49 IST" time="0.009" errors="0">
  <testcase name="TC03" time="0.004" classname="TestNGPack.C3"/>
  <system-out/>
  <testcase name="TC01" time="0.005" classname="TestNGPack.C3"/>
  <system-out/>
  <testcase name="TC02" classname="TestNGPack.C3">
    <skipped/>
  </testcase> <!-- TC02 -->
  <system-out/>
</testsuite> <!-- TestNGPack.C3 -->
