<?xml version="1.0" encoding="UTF-8"?>
<!-- Generated by org.testng.reporters.JUnitReportReporter -->
<testsuite skipped="0" hostname="DESKTOP-GQ55FT2" name="TestNGPack.C1" tests="2" failures="0" timestamp="2020-05-26T22:05:49 IST" time="0.011" errors="0">
  <testcase name="TC01" time="0.009" classname="TestNGPack.C1"/>
  <system-out/>
  <testcase name="TC02" time="0.002" classname="TestNGPack.C1"/>
  <system-out/>
</testsuite> <!-- TestNGPack.C1 -->
